Next at t=0
(0) [0x0000fffffff0] f000:fff0 (unk. ctxt): jmpf 0xf000:e05b          ; ea5be000f0
c
(0) Magic breakpoint
Next at t=8781091
(0) [0x000000007d48] 0008:00007d48 (unk. ctxt): call .+20 (0x00007d61)    ; e814000000
Next at t=8781092
(0) [0x000000007d61] 0008:00007d61 (unk. ctxt): pusha                     ; 60
Next at t=8781093
(0) [0x000000007d62] 0008:00007d62 (unk. ctxt): and eax, 0x0fffffff       ; 25ffffff0f
Next at t=8781094
(0) [0x000000007d67] 0008:00007d67 (unk. ctxt): mov ebx, eax              ; 89c3
Next at t=8781095
(0) [0x000000007d69] 0008:00007d69 (unk. ctxt): mov edx, 0x000001f6       ; baf6010000
c
(0) Magic breakpoint
Next at t=8781129
(0) [0x000000007dca] 0008:00007dca (unk. ctxt): rep insw word ptr es:[edi], dx ; f3666d
c
(0) Breakpoint 1, 0x00007d4d in ?? ()
Next at t=8846414
(0) [0x000000007d4d] 0008:00007d4d (unk. ctxt): xchg bx, bx               ; 6687db
c
(0) Magic breakpoint
Next at t=8846415
(0) [0x000000007d50] 0008:00007d50 (unk. ctxt): xor ecx, ecx              ; 31c9
c
Next at t=165800004
(0) [0x0000000086b8] 0008:000086b8 (unk. ctxt): jmp .-1597 (0x00008080)   ; e9c3f9ffff
